c:\users\szymon2\source\repos\uni 3d\uni 3d\x64\debug\vc143.pdb
c:\users\szymon2\source\repos\uni 3d\uni 3d\x64\debug\vc143.idb
c:\users\szymon2\source\repos\uni 3d\uni 3d\x64\debug\window.obj
c:\users\szymon2\source\repos\uni 3d\uni 3d\x64\debug\uni 3d.obj
c:\users\szymon2\source\repos\uni 3d\uni 3d\x64\debug\transform.obj
c:\users\szymon2\source\repos\uni 3d\uni 3d\x64\debug\timer.obj
c:\users\szymon2\source\repos\uni 3d\uni 3d\x64\debug\stb_image.obj
c:\users\szymon2\source\repos\uni 3d\uni 3d\x64\debug\renderer.obj
c:\users\szymon2\source\repos\uni 3d\uni 3d\x64\debug\player.obj
c:\users\szymon2\source\repos\uni 3d\uni 3d\x64\debug\model.obj
c:\users\szymon2\source\repos\uni 3d\uni 3d\x64\debug\map.obj
c:\users\szymon2\source\repos\uni 3d\uni 3d\x64\debug\light.obj
c:\users\szymon2\source\repos\uni 3d\uni 3d\x64\debug\input.obj
c:\users\szymon2\source\repos\uni 3d\uni 3d\x64\debug\imgui_widgets.obj
c:\users\szymon2\source\repos\uni 3d\uni 3d\x64\debug\imgui_tables.obj
c:\users\szymon2\source\repos\uni 3d\uni 3d\x64\debug\imgui_impl_sdl2.obj
c:\users\szymon2\source\repos\uni 3d\uni 3d\x64\debug\imgui_impl_opengl3.obj
c:\users\szymon2\source\repos\uni 3d\uni 3d\x64\debug\imgui_draw.obj
c:\users\szymon2\source\repos\uni 3d\uni 3d\x64\debug\imgui_demo.obj
c:\users\szymon2\source\repos\uni 3d\uni 3d\x64\debug\imgui.obj
c:\users\szymon2\source\repos\uni 3d\uni 3d\x64\debug\cli.obj
c:\users\szymon2\source\repos\uni 3d\uni 3d\x64\debug\aabbcollision.obj
c:\users\szymon2\source\repos\uni 3d\uni 3d\x64\debug\glad.obj
c:\users\szymon2\source\repos\uni 3d\x64\debug\uni 3d.exe
c:\users\szymon2\source\repos\uni 3d\uni 3d\x64\debug\uni 3d.ilk
c:\users\szymon2\source\repos\uni 3d\x64\debug\uni 3d.pdb
c:\users\szymon2\source\repos\uni 3d\x64\debug\sdl2d.dll
c:\users\szymon2\source\repos\uni 3d\uni 3d\x64\debug\uni 3d.tlog\cl.command.1.tlog
c:\users\szymon2\source\repos\uni 3d\uni 3d\x64\debug\uni 3d.tlog\cl.read.1.tlog
c:\users\szymon2\source\repos\uni 3d\uni 3d\x64\debug\uni 3d.tlog\cl.write.1.tlog
c:\users\szymon2\source\repos\uni 3d\uni 3d\x64\debug\uni 3d.tlog\link.command.1.tlog
c:\users\szymon2\source\repos\uni 3d\uni 3d\x64\debug\uni 3d.tlog\link.read.1.tlog
c:\users\szymon2\source\repos\uni 3d\uni 3d\x64\debug\uni 3d.tlog\link.write.1.tlog
c:\users\szymon2\source\repos\uni 3d\uni 3d\x64\debug\uni 3d.tlog\uni 3d.write.1u.tlog
