c:\users\blasz\source\repos\uni 3d\x64\release\vc143.pdb
c:\users\blasz\source\repos\uni 3d\x64\release\window.obj
c:\users\blasz\source\repos\uni 3d\x64\release\uni 3d.obj
c:\users\blasz\source\repos\uni 3d\x64\release\transform.obj
c:\users\blasz\source\repos\uni 3d\x64\release\timer.obj
c:\users\blasz\source\repos\uni 3d\x64\release\stb_image.obj
c:\users\blasz\source\repos\uni 3d\x64\release\renderer.obj
c:\users\blasz\source\repos\uni 3d\x64\release\model.obj
c:\users\blasz\source\repos\uni 3d\x64\release\light.obj
c:\users\blasz\source\repos\uni 3d\x64\release\input.obj
c:\users\blasz\source\repos\uni 3d\x64\release\aabbcollision.obj
c:\users\blasz\source\repos\uni 3d\x64\release\glad.obj
c:\users\blasz\source\repos\uni 3d\x64\release\imgui_impl_opengl3.obj
c:\users\blasz\source\repos\uni 3d\x64\release\imgui_impl_sdl2.obj
c:\users\blasz\source\repos\uni 3d\x64\release\imgui.obj
c:\users\blasz\source\repos\uni 3d\x64\release\imgui_widgets.obj
c:\users\blasz\source\repos\uni 3d\x64\release\imgui_tables.obj
c:\users\blasz\source\repos\uni 3d\x64\release\player.obj
c:\users\blasz\source\repos\uni 3d\x64\release\map.obj
c:\users\blasz\source\repos\uni 3d\x64\release\imgui_demo.obj
c:\users\blasz\source\repos\uni 3d\x64\release\imgui_draw.obj
c:\users\blasz\source\repos\uni 3d\x64\release\cli.obj
c:\users\blasz\source\repos\x64\release\uni 3d.exe
c:\users\blasz\source\repos\x64\release\uni 3d.pdb
c:\users\blasz\source\repos\uni 3d\x64\release\uni 3d.ipdb
c:\users\blasz\source\repos\uni 3d\x64\release\uni 3d.iobj
c:\users\blasz\source\repos\uni 3d\x64\release\uni 3d.tlog\cl.command.1.tlog
c:\users\blasz\source\repos\uni 3d\x64\release\uni 3d.tlog\cl.items.tlog
c:\users\blasz\source\repos\uni 3d\x64\release\uni 3d.tlog\cl.read.1.tlog
c:\users\blasz\source\repos\uni 3d\x64\release\uni 3d.tlog\cl.write.1.tlog
c:\users\blasz\source\repos\uni 3d\x64\release\uni 3d.tlog\link.command.1.tlog
c:\users\blasz\source\repos\uni 3d\x64\release\uni 3d.tlog\link.read.1.tlog
c:\users\blasz\source\repos\uni 3d\x64\release\uni 3d.tlog\link.secondary.1.tlog
c:\users\blasz\source\repos\uni 3d\x64\release\uni 3d.tlog\link.write.1.tlog
